<?xml version="1.0" encoding="UTF-8"?>
<!-- Generated by org.testng.reporters.JUnitXMLReporter -->
<testsuite ignored="9" hostname="DESKTOP-M1MQQMG" failures="1" tests="1" name="Test" time="97.409" errors="0" timestamp="2024-10-09T15:37:49 IST">
  <testcase classname="testcases.Logintestcases" name="loginTestPositive" time="75.155">
    <failure type="org.openqa.selenium.NoSuchWindowException" message="no such window: target window already closed
from unknown error: web view not found
  (Session info: chrome=129.0.6668.90)
Build info: version: &amp;apos;4.17.0&amp;apos;, revision: &amp;apos;e52b1be057*&amp;apos;
System info: os.name: &amp;apos;Windows 10&amp;apos;, os.arch: &amp;apos;amd64&amp;apos;, os.version: &amp;apos;10.0&amp;apos;, java.version: &amp;apos;22.0.1&amp;apos;
Driver info: org.openqa.selenium.chrome.ChromeDriver
Command: [515c338cd4a48304d75fd5f5d8857f26, screenshot {}]
Capabilities {acceptInsecureCerts: false, browserName: chrome, browserVersion: 129.0.6668.90, chrome: {chromedriverVersion: 129.0.6668.91 (b00bc8b76d60..., userDataDir: C:\Users\SHREYA~1\AppData\L...}, fedcm:accounts: true, goog:chromeOptions: {debuggerAddress: localhost:61105}, networkConnectionEnabled: false, pageLoadStrategy: normal, platformName: windows, proxy: Proxy(), se:cdp: ws://localhost:61105/devtoo..., se:cdpVersion: 129.0.6668.90, setWindowRect: true, strictFileInteractability: false, timeouts: {implicit: 0, pageLoad: 300000, script: 30000}, unhandledPromptBehavior: dismiss and notify, webauthn:extension:credBlob: true, webauthn:extension:largeBlob: true, webauthn:extension:minPinLength: true, webauthn:extension:prf: true, webauthn:virtualAuthenticators: true}
Session ID: 515c338cd4a48304d75fd5f5d8857f26">
      <![CDATA[org.openqa.selenium.NoSuchWindowException: no such window: target window already closed
from unknown error: web view not found
  (Session info: chrome=129.0.6668.90)
Build info: version: '4.17.0', revision: 'e52b1be057*'
System info: os.name: 'Windows 10', os.arch: 'amd64', os.version: '10.0', java.version: '22.0.1'
Driver info: org.openqa.selenium.chrome.ChromeDriver
Command: [515c338cd4a48304d75fd5f5d8857f26, screenshot {}]
Capabilities {acceptInsecureCerts: false, browserName: chrome, browserVersion: 129.0.6668.90, chrome: {chromedriverVersion: 129.0.6668.91 (b00bc8b76d60..., userDataDir: C:\Users\SHREYA~1\AppData\L...}, fedcm:accounts: true, goog:chromeOptions: {debuggerAddress: localhost:61105}, networkConnectionEnabled: false, pageLoadStrategy: normal, platformName: windows, proxy: Proxy(), se:cdp: ws://localhost:61105/devtoo..., se:cdpVersion: 129.0.6668.90, setWindowRect: true, strictFileInteractability: false, timeouts: {implicit: 0, pageLoad: 300000, script: 30000}, unhandledPromptBehavior: dismiss and notify, webauthn:extension:credBlob: true, webauthn:extension:largeBlob: true, webauthn:extension:minPinLength: true, webauthn:extension:prf: true, webauthn:virtualAuthenticators: true}
Session ID: 515c338cd4a48304d75fd5f5d8857f26
at org.openqa.selenium.remote.codec.w3c.W3CHttpResponseCodec.createException(W3CHttpResponseCodec.java:185)
at org.openqa.selenium.remote.codec.w3c.W3CHttpResponseCodec.decode(W3CHttpResponseCodec.java:134)
at org.openqa.selenium.remote.codec.w3c.W3CHttpResponseCodec.decode(W3CHttpResponseCodec.java:51)
at org.openqa.selenium.remote.HttpCommandExecutor.execute(HttpCommandExecutor.java:190)
at org.openqa.selenium.remote.service.DriverCommandExecutor.invokeExecute(DriverCommandExecutor.java:216)
at org.openqa.selenium.remote.service.DriverCommandExecutor.execute(DriverCommandExecutor.java:174)
at org.openqa.selenium.remote.RemoteWebDriver.execute(RemoteWebDriver.java:519)
at org.openqa.selenium.remote.RemoteWebDriver.execute(RemoteWebDriver.java:592)
at org.openqa.selenium.remote.RemoteWebDriver.execute(RemoteWebDriver.java:596)
at org.openqa.selenium.remote.RemoteWebDriver.getScreenshotAs(RemoteWebDriver.java:322)
at reusable.Baseclass.captureScreenshot(Baseclass.java:47)
at testcases.Logintestcases.loginTestPositive(Logintestcases.java:48)
at java.base/java.util.ArrayList.forEach(ArrayList.java:1597)
... Removed 28 stack frames]]>
    </failure>
  </testcase> <!-- loginTestPositive -->
  <testcase classname="testcases.Logintestcases" name="mobileNumOTPFieldValidData" time="0.0">
    <ignored/>
  </testcase> <!-- mobileNumOTPFieldValidData -->
  <testcase classname="testcases.Logintestcases" name="loginTestVerifyOTPWithNulldataOTP" time="0.0">
    <ignored/>
  </testcase> <!-- loginTestVerifyOTPWithNulldataOTP -->
  <testcase classname="testcases.Logintestcases" name="loginTestwithnilldata" time="0.0">
    <ignored/>
  </testcase> <!-- loginTestwithnilldata -->
  <testcase classname="testcases.Logintestcases" name="mobileNumOTPFieldNullData" time="0.0">
    <ignored/>
  </testcase> <!-- mobileNumOTPFieldNullData -->
  <testcase classname="testcases.Logintestcases" name="loginTestwithInvalidEmail" time="0.0">
    <ignored/>
  </testcase> <!-- loginTestwithInvalidEmail -->
  <testcase classname="testcases.Logintestcases" name="loginTestVerifyOTPWithInvalidOTP" time="0.0">
    <ignored/>
  </testcase> <!-- loginTestVerifyOTPWithInvalidOTP -->
  <testcase classname="testcases.Logintestcases" name="loginTestVerifyOTPWithExpiredOTP" time="0.0">
    <ignored/>
  </testcase> <!-- loginTestVerifyOTPWithExpiredOTP -->
  <testcase classname="testcases.Logintestcases" name="mobileVerifyOTPWithExpiredOTP" time="0.0">
    <ignored/>
  </testcase> <!-- mobileVerifyOTPWithExpiredOTP -->
  <testcase classname="testcases.Logintestcases" name="mobileNumOTPFieldInvalidData" time="0.0">
    <ignored/>
  </testcase> <!-- mobileNumOTPFieldInvalidData -->
</testsuite> <!-- Test -->
